Flow report for nobugCPU
Fri Jul 02 20:51:02 2021
Quartus II Version 9.0 Build 235 06/17/2009 Service Pack 2 SJ Web Edition


---------------------
; Table of Contents ;
---------------------
  1. Legal Notice
  2. Flow Summary
  3. Flow Settings
  4. Flow Non-Default Global Settings
  5. Flow Elapsed Time
  6. Flow OS Summary
  7. Flow Log



----------------
; Legal Notice ;
----------------
Copyright (C) 1991-2009 Altera Corporation
Your use of Altera Corporation's design tools, logic functions 
and other software and tools, and its AMPP partner logic 
functions, and any output files from any of the foregoing 
(including device programming or simulation files), and any 
associated documentation or information are expressly subject 
to the terms and conditions of the Altera Program License 
Subscription Agreement, Altera MegaCore Function License 
Agreement, or other applicable license agreement, including, 
without limitation, that your use is for the sole purpose of 
programming logic devices manufactured by Altera and sold by 
Altera or its authorized distributors.  Please refer to the 
applicable agreement for further details.



+------------------------------------------------------------------------+
; Flow Summary                                                           ;
+-------------------------+----------------------------------------------+
; Flow Status             ; Successful - Fri Jul 02 20:51:02 2021        ;
; Quartus II Version      ; 9.0 Build 235 06/17/2009 SP 2 SJ Web Edition ;
; Revision Name           ; nobugCPU                                     ;
; Top-level Entity Name   ; nobugCPU                                     ;
; Family                  ; MAX7000S                                     ;
; Device                  ; EPM7128SLC84-15                              ;
; Timing Models           ; Final                                        ;
; Met timing requirements ; Yes                                          ;
; Total macrocells        ; 28 / 128 ( 22 % )                            ;
; Total pins              ; 45 / 68 ( 66 % )                             ;
+-------------------------+----------------------------------------------+


+-----------------------------------------+
; Flow Settings                           ;
+-------------------+---------------------+
; Option            ; Setting             ;
+-------------------+---------------------+
; Start date & time ; 07/02/2021 20:50:59 ;
; Main task         ; Compilation         ;
; Revision Name     ; nobugCPU            ;
+-------------------+---------------------+


+-------------------------------------------------------------------------------------------------------------------------------+
; Flow Non-Default Global Settings                                                                                              ;
+------------------------------------+-------------------------------------------+---------------+-------------+----------------+
; Assignment Name                    ; Value                                     ; Default Value ; Entity Name ; Section Id     ;
+------------------------------------+-------------------------------------------+---------------+-------------+----------------+
; COMPILER_SIGNATURE_ID              ; 193912855278073.162523025902160           ; --            ; --          ; --             ;
; MAX_CORE_JUNCTION_TEMP             ; 85                                        ; --            ; --          ; --             ;
; MIN_CORE_JUNCTION_TEMP             ; 0                                         ; --            ; --          ; --             ;
; MISC_FILE                          ; C:/Users/HP/Desktop/nobugCPU/nobugCPU.dpf ; --            ; --          ; --             ;
; USE_GENERATED_PHYSICAL_CONSTRAINTS ; Off                                       ; --            ; --          ; eda_blast_fpga ;
+------------------------------------+-------------------------------------------+---------------+-------------+----------------+


+-----------------------------------------------------------------------------------------------------------------------------+
; Flow Elapsed Time                                                                                                           ;
+-------------------------+--------------+-------------------------+---------------------+------------------------------------+
; Module Name             ; Elapsed Time ; Average Processors Used ; Peak Virtual Memory ; Total CPU Time (on all processors) ;
+-------------------------+--------------+-------------------------+---------------------+------------------------------------+
; Analysis & Synthesis    ; 00:00:01     ; 1.0                     ; 237 MB              ; 00:00:01                           ;
; Fitter                  ; 00:00:00     ; 1.0                     ; 210 MB              ; 00:00:00                           ;
; Assembler               ; 00:00:00     ; 1.0                     ; 196 MB              ; 00:00:00                           ;
; Classic Timing Analyzer ; 00:00:00     ; 1.0                     ; 169 MB              ; 00:00:00                           ;
; Total                   ; 00:00:01     ; --                      ; --                  ; 00:00:01                           ;
+-------------------------+--------------+-------------------------+---------------------+------------------------------------+


+------------------------------------------------------------------------------------------+
; Flow OS Summary                                                                          ;
+-------------------------+------------------+---------------+------------+----------------+
; Module Name             ; Machine Hostname ; OS Name       ; OS Version ; Processor type ;
+-------------------------+------------------+---------------+------------+----------------+
; Analysis & Synthesis    ; DESKTOP-GKBKRN5  ; Windows Vista ; 6.2        ; x86_64         ;
; Fitter                  ; DESKTOP-GKBKRN5  ; Windows Vista ; 6.2        ; x86_64         ;
; Assembler               ; DESKTOP-GKBKRN5  ; Windows Vista ; 6.2        ; x86_64         ;
; Classic Timing Analyzer ; DESKTOP-GKBKRN5  ; Windows Vista ; 6.2        ; x86_64         ;
+-------------------------+------------------+---------------+------------+----------------+


------------
; Flow Log ;
------------
quartus_map --read_settings_files=on --write_settings_files=off nobugCPU -c nobugCPU
quartus_fit --read_settings_files=off --write_settings_files=off nobugCPU -c nobugCPU
quartus_asm --read_settings_files=off --write_settings_files=off nobugCPU -c nobugCPU
quartus_tan --read_settings_files=off --write_settings_files=off nobugCPU -c nobugCPU



